<?xml version="1.0" encoding="UTF-8"?>
<!-- Generated by org.testng.reporters.JUnitReportReporter -->
<testsuite hostname="LAPTOP-5ECPRD78" failures="0" tests="3" name="testpackage.day6" time="0.013" errors="0" timestamp="2020-02-17T23:17:56 CET" skipped="0">
  <testcase classname="testpackage.day6" name="setData" time="0.010"/>
  <testcase classname="testpackage.day6" name="setData" time="0.002"/>
  <testcase classname="testpackage.day6" name="setData" time="0.001"/>
</testsuite> <!-- testpackage.day6 -->
