<?xml version="1.0" encoding="UTF-8"?>
<!-- Generated by org.testng.reporters.JUnitReportReporter -->
<testsuite hostname="LAPTOP-5ECPRD78" failures="0" tests="1" name="testpackage.day7" time="5.050" errors="0" timestamp="2020-02-22T18:36:20 CET" skipped="0">
  <testcase classname="testpackage.day7" name="Starttest" time="5.050"/>
</testsuite> <!-- testpackage.day7 -->
