<?xml version="1.0" encoding="UTF-8"?>
<!-- Generated by org.testng.reporters.JUnitReportReporter -->
<testsuite hostname="LAPTOP-5ECPRD78" failures="0" tests="1" name="testpackage.day4" time="0.002" errors="0" timestamp="2020-02-20T22:31:09 CET" skipped="0">
  <testcase classname="testpackage.day4" name="HomeLoanInterestcalculator" time="0.002"/>
</testsuite> <!-- testpackage.day4 -->
