<?xml version="1.0" encoding="UTF-8"?>
<!-- Generated by org.testng.reporters.JUnitReportReporter -->
<testsuite hostname="LAPTOP-5ECPRD78" failures="0" tests="4" name="testpackage.day5" time="0.021" errors="0" timestamp="2020-02-17T22:53:41 CET" skipped="1">
  <testcase classname="testpackage.day5" name="C" time="0.002"/>
  <testcase classname="testpackage.day5" name="A" time="0.002"/>
  <testcase classname="testpackage.day5" name="B" time="0.017"/>
  <testcase classname="testpackage.day5" name="D">
    <skipped/>
  </testcase> <!-- D -->
</testsuite> <!-- testpackage.day5 -->
